[0.299s] Invoking command in '/home/csanimatronics/CS_Animatronics/build/launch': DEBUGINFOD_URLS=https://debuginfod.ubuntu.com /usr/bin/cmake --build /home/csanimatronics/CS_Animatronics/build/launch -- -j4 -l4
[0.342s] -- Found ament_cmake: 2.5.2 (/opt/ros/jazzy/share/ament_cmake/cmake)
[13.369s] Traceback (most recent call last):
[13.369s]   File "/opt/ros/jazzy/share/ament_cmake_core/cmake/package_templates/templates_2_cmake.py", line 21, in <module>
[13.370s]     from ament_package.templates import get_environment_hook_template_path
[13.370s] ModuleNotFoundError: No module named 'ament_package'
[13.478s] [31mCMake Error at /opt/ros/jazzy/share/ament_cmake_core/cmake/ament_cmake_package_templates-extras.cmake:41 (message):
[13.478s]   execute_process(/usr/bin/python3
[13.478s]   /opt/ros/jazzy/share/ament_cmake_core/cmake/package_templates/templates_2_cmake.py
[13.478s] -- Configuring incomplete, errors occurred!
[13.479s]   /home/csanimatronics/CS_Animatronics/build/launch/ament_cmake_package_templates/templates.cmake)
[13.479s]   returned error code 1
[13.479s] Call Stack (most recent call first):
[13.479s]   /opt/ros/jazzy/share/ament_cmake_core/cmake/ament_cmake_coreConfig.cmake:41 (include)
[13.479s]   /opt/ros/jazzy/share/ament_cmake/cmake/ament_cmake_export_dependencies-extras.cmake:15 (find_package)
[13.479s]   /opt/ros/jazzy/share/ament_cmake/cmake/ament_cmakeConfig.cmake:41 (include)
[13.479s]   CMakeLists.txt:9 (find_package)
[13.479s] 
[13.479s] [0m
[13.487s] gmake: *** [Makefile:226: cmake_check_build_system] Error 1
[13.489s] Invoked command in '/home/csanimatronics/CS_Animatronics/build/launch' returned '2': DEBUGINFOD_URLS=https://debuginfod.ubuntu.com /usr/bin/cmake --build /home/csanimatronics/CS_Animatronics/build/launch -- -j4 -l4
