[0.363s] Invoking command in '/home/csanimatronics/CS_Animatronics/build/motor_command_msg': CMAKE_PREFIX_PATH=${CMAKE_PREFIX_PATH}:/opt/ros/jazzy DEBUGINFOD_URLS=https://debuginfod.ubuntu.com /usr/bin/cmake --build /home/csanimatronics/CS_Animatronics/build/motor_command_msg -- -j4 -l4
[0.415s] -- Found rosidl_default_generators: 1.6.0 (/opt/ros/jazzy/share/rosidl_default_generators/cmake)
[0.643s] -- Override CMake install command with custom implementation using symlinks instead of copying resources
[0.656s] -- Using all available rosidl_typesupport_c: rosidl_typesupport_fastrtps_c;rosidl_typesupport_introspection_c
[0.780s] -- Using all available rosidl_typesupport_cpp: rosidl_typesupport_fastrtps_cpp;rosidl_typesupport_introspection_cpp
[0.894s] -- Found rosidl_adapter: 4.6.4 (/opt/ros/jazzy/share/rosidl_adapter/cmake)
[1.515s] -- Found ament_cmake_ros: 0.12.0 (/opt/ros/jazzy/share/ament_cmake_ros/cmake)
[1.749s] -- Using all available rosidl_typesupport_c: rosidl_typesupport_fastrtps_c;rosidl_typesupport_introspection_c
[2.068s] -- Using all available rosidl_typesupport_cpp: rosidl_typesupport_fastrtps_cpp;rosidl_typesupport_introspection_cpp
[2.073s] -- Found python_cmake_module: 0.11.1 (/opt/ros/jazzy/share/python_cmake_module/cmake)
[2.702s] -- Found Python3: /usr/bin/python3 (found version "3.12.3") found components: Interpreter Development NumPy Development.Module Development.Embed 
[2.726s] -- Found ament_lint_auto: 0.17.1 (/opt/ros/jazzy/share/ament_lint_auto/cmake)
[2.752s] -- Added test 'lint_cmake' to check CMake code style
[2.754s] -- Added test 'xmllint' to check XML markup files
[2.763s] -- Configuring done (2.4s)
[2.852s] -- Generating done (0.1s)
[2.860s] -- Build files have been written to: /home/csanimatronics/CS_Animatronics/build/motor_command_msg
[2.968s] failed to create symbolic link '/home/csanimatronics/CS_Animatronics/build/motor_command_msg/ament_cmake_python/motor_command_msg/motor_command_msg' because existing path cannot be removed: Is a directory
[2.969s] gmake[2]: *** [CMakeFiles/ament_cmake_python_symlink_motor_command_msg.dir/build.make:70: CMakeFiles/ament_cmake_python_symlink_motor_command_msg] Error 1
[2.970s] gmake[1]: *** [CMakeFiles/Makefile2:452: CMakeFiles/ament_cmake_python_symlink_motor_command_msg.dir/all] Error 2
[2.970s] [  2%] Built target motor_command_msg__rosidl_generator_type_description
[2.970s] gmake[1]: *** Waiting for unfinished jobs....
[2.976s] gmake: *** [Makefile:146: all] Error 2
[2.977s] Invoked command in '/home/csanimatronics/CS_Animatronics/build/motor_command_msg' returned '2': CMAKE_PREFIX_PATH=${CMAKE_PREFIX_PATH}:/opt/ros/jazzy DEBUGINFOD_URLS=https://debuginfod.ubuntu.com /usr/bin/cmake --build /home/csanimatronics/CS_Animatronics/build/motor_command_msg -- -j4 -l4
