[0.302s] Invoking command in '/home/csanimatronics/CS_Animatronics/build/motor_command_msg': DEBUGINFOD_URLS=https://debuginfod.ubuntu.com /usr/bin/cmake --build /home/csanimatronics/CS_Animatronics/build/motor_command_msg -- -j4 -l4
[0.346s] -- Found rosidl_default_generators: 1.6.0 (/opt/ros/jazzy/share/rosidl_default_generators/cmake)
[13.358s] Traceback (most recent call last):
[13.358s]   File "/opt/ros/jazzy/share/ament_cmake_core/cmake/package_templates/templates_2_cmake.py", line 21, in <module>
[13.359s]     from ament_package.templates import get_environment_hook_template_path
[13.359s] ModuleNotFoundError: No module named 'ament_package'
[13.465s] [31mCMake Error at /opt/ros/jazzy/share/ament_cmake_core/cmake/ament_cmake_package_templates-extras.cmake:41 (message):
[13.465s]   execute_process(/usr/bin/python3
[13.465s]   /opt/ros/jazzy/share/ament_cmake_core/cmake/package_templates/templates_2_cmake.py
[13.466s]   /home/csanimatronics/CS_Animatronics/build/motor_command_msg/ament_cmake_package_templates/templates.cmake)
[13.466s]   returned error code 1
[13.466s] Call Stack (most recent call first):
[13.467s]   /opt/ros/jazzy/share/ament_cmake_core/cmake/ament_cmake_coreConfig.cmake:41 (include)
[13.468s]   /opt/ros/jazzy/share/rosidl_default_generators/cmake/ament_cmake_export_dependencies-extras.cmake:15 (find_package)
[13.468s]   /opt/ros/jazzy/share/rosidl_default_generators/cmake/rosidl_default_generatorsConfig.cmake:41 (include)
[13.468s]   CMakeLists.txt:8 (find_package)
[13.468s] 
[13.468s] [0m
[13.470s] -- Configuring incomplete, errors occurred!
[13.482s] gmake: *** [Makefile:815: cmake_check_build_system] Error 1
[13.488s] Invoked command in '/home/csanimatronics/CS_Animatronics/build/motor_command_msg' returned '2': DEBUGINFOD_URLS=https://debuginfod.ubuntu.com /usr/bin/cmake --build /home/csanimatronics/CS_Animatronics/build/motor_command_msg -- -j4 -l4
