[0.295s] Invoking command in '/home/csanimatronics/CS_Animatronics/build/launch': DEBUGINFOD_URLS=https://debuginfod.ubuntu.com /usr/bin/cmake --build /home/csanimatronics/CS_Animatronics/build/launch -- -j4 -l4
[0.339s] -- Found ament_cmake: 2.5.2 (/opt/ros/jazzy/share/ament_cmake/cmake)
[13.489s] Traceback (most recent call last):
[13.489s]   File "/opt/ros/jazzy/share/ament_cmake_core/cmake/package_templates/templates_2_cmake.py", line 21, in <module>
[13.489s]     from ament_package.templates import get_environment_hook_template_path
[13.490s] ModuleNotFoundError: No module named 'ament_package'
[13.583s] [31mCMake Error at /opt/ros/jazzy/share/ament_cmake_core/cmake/ament_cmake_package_templates-extras.cmake:41 (message):
[13.583s]   execute_process(/usr/bin/python3
[13.583s]   /opt/ros/jazzy/share/ament_cmake_core/cmake/package_templates/templates_2_cmake.py
[13.583s]   /home/csanimatronics/CS_Animatronics/build/launch/ament_cmake_package_templates/templates.cmake)
[13.584s]   returned error code 1
[13.584s] Call Stack (most recent call first):
[13.584s]   /opt/ros/jazzy/share/ament_cmake_core/cmake/ament_cmake_coreConfig.cmake:41 (include)
[13.586s]   /opt/ros/jazzy/share/ament_cmake/cmake/ament_cmake_export_dependencies-extras.cmake:15 (find_package)
[13.586s]   /opt/ros/jazzy/share/ament_cmake/cmake/ament_cmakeConfig.cmake:41 (include)
[13.586s]   CMakeLists.txt:9 (find_package)
[13.586s] 
[13.586s] [0m
[13.586s] -- Configuring incomplete, errors occurred!
[13.589s] gmake: *** [Makefile:226: cmake_check_build_system] Error 1
