[0.356s] Invoking command in '/home/csanimatronics/CS_Animatronics/build/motor_command_msg': CMAKE_PREFIX_PATH=${CMAKE_PREFIX_PATH}:/opt/ros/jazzy DEBUGINFOD_URLS=https://debuginfod.ubuntu.com /usr/bin/cmake --build /home/csanimatronics/CS_Animatronics/build/motor_command_msg -- -j4 -l4
[0.424s] -- Found rosidl_default_generators: 1.6.0 (/opt/ros/jazzy/share/rosidl_default_generators/cmake)
[0.499s] -- Found Python3: /usr/bin/python3 (found version "3.12.3") found components: Interpreter 
[0.666s] -- Override CMake install command with custom implementation using symlinks instead of copying resources
[0.670s] -- Using all available rosidl_typesupport_c: rosidl_typesupport_fastrtps_c;rosidl_typesupport_introspection_c
[0.741s] -- Using all available rosidl_typesupport_cpp: rosidl_typesupport_fastrtps_cpp;rosidl_typesupport_introspection_cpp
[0.794s] -- Found rosidl_adapter: 4.6.4 (/opt/ros/jazzy/share/rosidl_adapter/cmake)
[1.271s] -- Found ament_cmake_ros: 0.12.0 (/opt/ros/jazzy/share/ament_cmake_ros/cmake)
[1.434s] -- Using all available rosidl_typesupport_c: rosidl_typesupport_fastrtps_c;rosidl_typesupport_introspection_c
[1.628s] -- Using all available rosidl_typesupport_cpp: rosidl_typesupport_fastrtps_cpp;rosidl_typesupport_introspection_cpp
[1.629s] -- Found python_cmake_module: 0.11.1 (/opt/ros/jazzy/share/python_cmake_module/cmake)
[2.092s] -- Found Python3: /usr/bin/python3 (found version "3.12.3") found components: Interpreter Development NumPy Development.Module Development.Embed 
[2.106s] -- Found ament_lint_auto: 0.17.1 (/opt/ros/jazzy/share/ament_lint_auto/cmake)
[2.119s] -- Added test 'lint_cmake' to check CMake code style
[2.121s] -- Added test 'xmllint' to check XML markup files
[2.124s] -- Configuring done (1.7s)
[2.167s] -- Generating done (0.0s)
[2.175s] -- Build files have been written to: /home/csanimatronics/CS_Animatronics/build/motor_command_msg
[2.240s] failed to create symbolic link '/home/csanimatronics/CS_Animatronics/build/motor_command_msg/ament_cmake_python/motor_command_msg/motor_command_msg' because existing path cannot be removed: Is a directory
[2.240s] [  2%] Built target motor_command_msg__rosidl_generator_type_description
[2.242s] gmake[2]: *** [CMakeFiles/ament_cmake_python_symlink_motor_command_msg.dir/build.make:70: CMakeFiles/ament_cmake_python_symlink_motor_command_msg] Error 1
[2.243s] gmake[1]: *** [CMakeFiles/Makefile2:452: CMakeFiles/ament_cmake_python_symlink_motor_command_msg.dir/all] Error 2
[2.243s] gmake[1]: *** Waiting for unfinished jobs....
[2.243s] gmake: *** [Makefile:146: all] Error 2
